time="2025-07-23T11:18:08+07:00" level=warning msg="/var/www/service-report-admin/docker-compose.yml: the attribute `version` is obsolete, it will be ignored, please remove it to avoid potential confusion"
Compose can now delegate builds to bake for better performance.
 To do so, set COMPOSE_BAKE=true.
#0 building with "default" instance using docker driver

#1 [admin-servicereport internal] load build definition from Dockerfile
#1 transferring dockerfile: 658B done
#1 DONE 0.0s

#2 [admin-servicereport internal] load metadata for docker.io/library/node:18-alpine
#2 DONE 1.1s

#3 [admin-servicereport internal] load .dockerignore
#3 transferring context: 2B done
#3 DONE 0.0s

#4 [admin-servicereport deps 1/4] FROM docker.io/library/node:18-alpine@sha256:8d6421d663b4c28fd3ebc498332f249011d118945588d0a35cb9bc4b8ca09d9e
#4 DONE 0.0s

#5 [admin-servicereport deps 2/4] WORKDIR /app
#5 CACHED

#6 [admin-servicereport internal] load build context
#6 transferring context: 7.08MB 4.2s done
#6 DONE 4.4s

#7 [admin-servicereport deps 3/4] COPY package.json pnpm-lock.yaml* ./
#7 CACHED

#8 [admin-servicereport deps 4/4] RUN npm install -g pnpm && pnpm install
#8 CACHED

#9 [admin-servicereport builder 3/5] COPY --from=deps /app/node_modules ./node_modules
#9 CACHED

#10 [admin-servicereport builder 4/5] COPY . .
#10 DONE 28.4s

#11 [admin-servicereport builder 5/5] RUN pnpm build
#11 0.666 /bin/sh: pnpm: not found
#11 ERROR: process "/bin/sh -c pnpm build" did not complete successfully: exit code: 127
------
 > [admin-servicereport builder 5/5] RUN pnpm build:
0.666 /bin/sh: pnpm: not found
------
failed to solve: process "/bin/sh -c pnpm build" did not complete successfully: exit code: 127
